Building DAG of jobs...
Using shell: /usr/bin/bash
Provided cores: 1 (use --cores to define parallelism)
Rules claiming more threads will be scaled down.
Job stats:
job                   count
------------------  -------
all                       1
produce_c_code_aux        1
total                     2

Select jobs to execute...
Execute 1 jobs...

[Thu Jul 25 23:21:18 2024]
localrule produce_c_code_aux:
    input: results/c_code/C5_folding.c
    output: results/c_code/auto_dp.c
    jobid: 1
    reason: Updated input files: results/c_code/C5_folding.c
    resources: tmpdir=/tmp

[Thu Jul 25 23:21:18 2024]
Finished job 1.
1 of 2 steps (50%) done
Select jobs to execute...
Execute 1 jobs...

[Thu Jul 25 23:21:18 2024]
localrule all:
    input: results/c_code/auto_dp.c, results/processed_td_files/processed_C5.td, results/td_files/C5.td, results/elim_order/C5.order, results/td_images/processed_C5.pdf, results/td_images/unprocessed_C5.pdf, results/colored_dbn/colored_dbn_C5.pdf, results/colored_dbn/band_diagram_C5.pdf, results/latex_equations/C5_latex_equations.pdf, results/concatenations/concatenation_C5.pdf, results/state_of_the_results.pdf
    jobid: 0
    reason: Input files updated by another job: results/c_code/auto_dp.c
    resources: tmpdir=/tmp

[Thu Jul 25 23:21:18 2024]
Finished job 0.
2 of 2 steps (100%) done
Complete log: .snakemake/log/2024-07-25T232118.198545.snakemake.log
