Building DAG of jobs...
Using shell: /usr/bin/bash
Provided cores: 1 (use --cores to define parallelism)
Rules claiming more threads will be scaled down.
Job stats:
job                   count
------------------  -------
all                       1
c_compilation             1
produce_c_code            2
produce_c_code_aux        1
total                     5

Select jobs to execute...
Execute 1 jobs...

[Fri Jul 26 18:55:42 2024]
localrule produce_c_code:
    input: results/processed_td_files/processed_K.td, results/helix_annotations/K.helix
    output: results/c_code/K_folding.c
    jobid: 7
    reason: Code has changed since last execution
    wildcards: family=K
    resources: tmpdir=/tmp

[Fri Jul 26 18:55:42 2024]
Finished job 7.
1 of 5 steps (20%) done
Select jobs to execute...
Execute 1 jobs...

[Fri Jul 26 18:55:42 2024]
localrule produce_c_code:
    input: results/processed_td_files/processed_H.td, results/helix_annotations/H.helix
    output: results/c_code/H_folding.c
    jobid: 2
    reason: Code has changed since last execution
    wildcards: family=H
    resources: tmpdir=/tmp

[Fri Jul 26 18:55:43 2024]
Finished job 2.
2 of 5 steps (40%) done
Select jobs to execute...
Execute 1 jobs...

[Fri Jul 26 18:55:43 2024]
localrule produce_c_code_aux:
    input: results/c_code/H_folding.c, results/c_code/K_folding.c
    output: results/c_code/auto_dp.c, results/c_code/aux.c
    jobid: 1
    reason: Input files updated by another job: results/c_code/K_folding.c, results/c_code/H_folding.c
    resources: tmpdir=/tmp

[Fri Jul 26 18:55:43 2024]
Finished job 1.
3 of 5 steps (60%) done
Select jobs to execute...
Execute 1 jobs...

[Fri Jul 26 18:55:43 2024]
localrule c_compilation:
    input: results/c_code/aux.c, results/c_code/auto_dp.c, results/c_code/H_folding.c, results/c_code/K_folding.c
    output: results/binaries/auto_dp
    jobid: 12
    reason: Input files updated by another job: results/c_code/K_folding.c, results/c_code/aux.c, results/c_code/H_folding.c, results/c_code/auto_dp.c
    resources: tmpdir=/tmp

[Fri Jul 26 18:55:44 2024]
Error in rule c_compilation:
    jobid: 12
    input: results/c_code/aux.c, results/c_code/auto_dp.c, results/c_code/H_folding.c, results/c_code/K_folding.c
    output: results/binaries/auto_dp
    shell:
        gcc results/c_code/aux.c results/c_code/auto_dp.c results/c_code/H_folding.c results/c_code/K_folding.c -o results/binaries/auto_dp -lRNA -lm
        (one of the commands exited with non-zero exit code; note that snakemake uses bash strict mode!)

Shutting down, this might take some time.
Exiting because a job execution failed. Look above for error message
Complete log: .snakemake/log/2024-07-26T185541.911301.snakemake.log
WorkflowError:
At least one job did not complete successfully.
