Building DAG of jobs...
Using shell: /usr/bin/bash
Provided cores: 1 (use --cores to define parallelism)
Rules claiming more threads will be scaled down.
Job stats:
job                   count
------------------  -------
all                       1
c_compilation             1
produce_c_code            1
produce_c_code_aux        1
total                     4

Select jobs to execute...
Execute 1 jobs...

[Mon Jul 29 13:38:52 2024]
localrule produce_c_code:
    input: results/processed_td_files/processed_H.td, results/helix_annotations/H.helix
    output: results/c_code/H_folding.c
    jobid: 2
    reason: Missing output files: results/c_code/H_folding.c
    wildcards: family=H
    resources: tmpdir=/tmp

[Mon Jul 29 13:38:52 2024]
Finished job 2.
1 of 4 steps (25%) done
Select jobs to execute...
Execute 1 jobs...

[Mon Jul 29 13:38:53 2024]
localrule produce_c_code_aux:
    input: results/c_code/H_folding.c
    output: results/c_code/auto_dp.c, results/c_code/aux.c
    jobid: 1
    reason: Input files updated by another job: results/c_code/H_folding.c
    resources: tmpdir=/tmp

[Mon Jul 29 13:38:53 2024]
Finished job 1.
2 of 4 steps (50%) done
Select jobs to execute...
Execute 1 jobs...

[Mon Jul 29 13:38:53 2024]
localrule c_compilation:
    input: results/c_code/aux.c, results/c_code/auto_dp.c, results/c_code/H_folding.c
    output: results/binaries/auto_dp
    jobid: 7
    reason: Missing output files: results/binaries/auto_dp; Input files updated by another job: results/c_code/auto_dp.c, results/c_code/aux.c, results/c_code/H_folding.c
    resources: tmpdir=/tmp

[Mon Jul 29 13:38:53 2024]
Finished job 7.
3 of 4 steps (75%) done
Select jobs to execute...
Execute 1 jobs...

[Mon Jul 29 13:38:53 2024]
localrule all:
    input: results/c_code/auto_dp.c, results/binaries/auto_dp, results/processed_td_files/processed_H.td, results/td_files/H.td, results/elim_order/H.order, results/td_images/processed_H.pdf, results/td_images/unprocessed_H.pdf, results/colored_dbn/colored_dbn_H.pdf, results/colored_dbn/band_diagram_H.pdf, results/latex_equations/H_latex_equations.pdf, results/concatenations/concatenation_H.pdf, results/state_of_the_results.pdf
    jobid: 0
    reason: Input files updated by another job: results/c_code/auto_dp.c, results/binaries/auto_dp
    resources: tmpdir=/tmp

[Mon Jul 29 13:38:53 2024]
Finished job 0.
4 of 4 steps (100%) done
Complete log: .snakemake/log/2024-07-29T133852.538051.snakemake.log
