Building DAG of jobs...
Using shell: /usr/bin/bash
Provided cores: 1 (use --cores to define parallelism)
Rules claiming more threads will be scaled down.
Job stats:
job                             count
----------------------------  -------
all                                 1
band_diagram                        1
band_diagram_latextopdf             1
c_compilation                       1
colored_dbn                         1
compact_dottopdf                    1
compute_td                          1
concatenation                       1
dot_process                         1
extract_compact_tree                1
extract_elimination_ordering        1
extract_gr                          1
extract_helices                     1
extremities_label                   1
make_dot_file                       1
pdflatex_equations                  1
process_helices                     1
produce_c_code                      1
produce_latex_equations             1
state_of_the_results                1
textopdf                            1
unprocessed_from_td_to_dot          1
unprocessed_td                      1
total                              23

Select jobs to execute...
Execute 1 jobs...

[Thu Jul 25 16:31:39 2024]
localrule extract_helices:
    input: resources/dbn_files/C5.dbn
    output: results/helix_annotations/C5.helix
    jobid: 4
    reason: Forced execution
    wildcards: shadow=C5
    resources: tmpdir=/tmp

[Thu Jul 25 16:31:39 2024]
Finished job 4.
1 of 23 steps (4%) done
Select jobs to execute...
Execute 1 jobs...

[Thu Jul 25 16:31:39 2024]
localrule band_diagram:
    input: resources/dbn_files/C5.dbn
    output: results/colored_dbn/band_diagram_C5.tex
    jobid: 14
    reason: Forced execution
    wildcards: family=C5
    resources: tmpdir=/tmp

[Thu Jul 25 16:31:39 2024]
Finished job 14.
2 of 23 steps (9%) done
Select jobs to execute...
Execute 1 jobs...

[Thu Jul 25 16:31:39 2024]
localrule band_diagram_latextopdf:
    input: results/colored_dbn/band_diagram_C5.tex
    output: results/colored_dbn/band_diagram_C5.pdf
    jobid: 13
    reason: Forced execution
    wildcards: family=C5
    resources: tmpdir=/tmp

[Thu Jul 25 16:31:40 2024]
Finished job 13.
3 of 23 steps (13%) done
Select jobs to execute...
Execute 1 jobs...

[Thu Jul 25 16:31:40 2024]
localrule extract_gr:
    input: resources/dbn_files/C5.dbn
    output: results/gr_files/C5.gr
    jobid: 3
    reason: Forced execution
    wildcards: shadow=C5
    resources: tmpdir=/tmp

[Thu Jul 25 16:31:40 2024]
Finished job 3.
4 of 23 steps (17%) done
Select jobs to execute...
Execute 1 jobs...

[Thu Jul 25 16:31:40 2024]
localrule compute_td:
    input: results/gr_files/C5.gr
    output: results/td_files/C5.td
    jobid: 2
    reason: Forced execution
    wildcards: shadow=C5
    resources: tmpdir=/tmp

[Thu Jul 25 16:31:42 2024]
Finished job 2.
5 of 23 steps (22%) done
Select jobs to execute...
Execute 1 jobs...

[Thu Jul 25 16:31:42 2024]
localrule extract_elimination_ordering:
    input: results/td_files/C5.td
    output: results/elim_order/C5.order
    jobid: 5
    reason: Forced execution
    wildcards: shadow=C5
    resources: tmpdir=/tmp

[Thu Jul 25 16:31:42 2024]
Finished job 5.
6 of 23 steps (26%) done
Select jobs to execute...
Execute 1 jobs...

[Thu Jul 25 16:31:42 2024]
localrule unprocessed_from_td_to_dot:
    input: results/td_files/C5.td
    output: results/dot_files/unprocessed_C5.td1.dot
    jobid: 9
    reason: Forced execution
    wildcards: shadow=C5
    resources: tmpdir=/tmp

[Thu Jul 25 16:31:42 2024]
Finished job 9.
7 of 23 steps (30%) done
Select jobs to execute...
Execute 1 jobs...

[Thu Jul 25 16:31:42 2024]
localrule unprocessed_td:
    input: results/dot_files/unprocessed_C5.td1.dot
    output: results/td_images/unprocessed_C5.pdf
    jobid: 8
    reason: Forced execution
    wildcards: shadow=C5
    resources: tmpdir=/tmp

[Thu Jul 25 16:31:42 2024]
Finished job 8.
8 of 23 steps (35%) done
Select jobs to execute...
Execute 1 jobs...

[Thu Jul 25 16:31:42 2024]
localrule process_helices:
    input: resources/dbn_files/C5.dbn, results/td_files/C5.td, results/helix_annotations/C5.helix
    output: results/processed_td_files/processed_C5.td
    log: results/processed_td_files/exec_logs/C5_processing.log
    jobid: 1
    reason: Forced execution
    wildcards: shadow=C5
    resources: tmpdir=/tmp

[Thu Jul 25 16:31:43 2024]
Finished job 1.
9 of 23 steps (39%) done
Select jobs to execute...
Execute 1 jobs...

[Thu Jul 25 16:31:43 2024]
localrule extract_compact_tree:
    input: results/processed_td_files/processed_C5.td, results/helix_annotations/C5.helix
    output: results/compact_dot_files/compact_C5.dot
    jobid: 21
    reason: Forced execution
    wildcards: family=C5
    resources: tmpdir=/tmp

[Thu Jul 25 16:31:43 2024]
Finished job 21.
10 of 23 steps (43%) done
Select jobs to execute...
Execute 1 jobs...

[Thu Jul 25 16:31:43 2024]
localrule compact_dottopdf:
    input: results/compact_dot_files/compact_C5.dot
    output: results/compact_td_images/compact_C5.pdf
    jobid: 20
    reason: Forced execution
    wildcards: file=compact_C5
    resources: tmpdir=/tmp

[Thu Jul 25 16:31:43 2024]
Finished job 20.
11 of 23 steps (48%) done
Select jobs to execute...
Execute 1 jobs...

[Thu Jul 25 16:31:43 2024]
localrule produce_c_code:
    input: results/processed_td_files/processed_C5.td, results/helix_annotations/C5.helix
    output: results/c_code/C5_folding.c
    jobid: 18
    reason: Forced execution
    wildcards: family=C5
    resources: tmpdir=/tmp

[Thu Jul 25 16:31:43 2024]
Finished job 18.
12 of 23 steps (52%) done
Select jobs to execute...
Execute 1 jobs...

[Thu Jul 25 16:31:43 2024]
localrule c_compilation:
    input: results/c_code/aux.c, results/c_code/C5_folding.c
    output: results/binaries/C5_folding
    jobid: 17
    reason: Forced execution
    wildcards: family=C5
    resources: tmpdir=/tmp

[Thu Jul 25 16:31:44 2024]
Error in rule c_compilation:
    jobid: 17
    input: results/c_code/aux.c, results/c_code/C5_folding.c
    output: results/binaries/C5_folding
    shell:
        gcc results/c_code/aux.c results/c_code/C5_folding.c -o results/binaries/C5_folding
        (one of the commands exited with non-zero exit code; note that snakemake uses bash strict mode!)

Shutting down, this might take some time.
Exiting because a job execution failed. Look above for error message
Complete log: .snakemake/log/2024-07-25T163139.259995.snakemake.log
WorkflowError:
At least one job did not complete successfully.
