Building DAG of jobs...
Using shell: /usr/bin/bash
Provided cores: 1 (use --cores to define parallelism)
Rules claiming more threads will be scaled down.
Job stats:
job              count
-------------  -------
all                  1
c_compilation        1
total                2

Select jobs to execute...
Execute 1 jobs...

[Thu Jul 25 17:47:56 2024]
localrule c_compilation:
    input: results/c_code/aux.c, results/c_code/auto_dp.c, results/c_code/C5_folding.c
    output: results/binaries/C5_folding
    jobid: 19
    reason: Updated input files: results/c_code/auto_dp.c
    wildcards: family=C5
    resources: tmpdir=/tmp

[Thu Jul 25 17:47:57 2024]
Error in rule c_compilation:
    jobid: 19
    input: results/c_code/aux.c, results/c_code/auto_dp.c, results/c_code/C5_folding.c
    output: results/binaries/C5_folding
    shell:
        gcc results/c_code/aux.c results/c_code/auto_dp.c results/c_code/C5_folding.c -o results/binaries/C5_folding -lRNA -lm
        (one of the commands exited with non-zero exit code; note that snakemake uses bash strict mode!)

Shutting down, this might take some time.
Exiting because a job execution failed. Look above for error message
Complete log: .snakemake/log/2024-07-25T174756.395048.snakemake.log
WorkflowError:
At least one job did not complete successfully.
