Building DAG of jobs...
Using shell: /usr/bin/bash
Provided cores: 1 (use --cores to define parallelism)
Rules claiming more threads will be scaled down.
Job stats:
job                   count
------------------  -------
all                       1
c_compilation             1
produce_c_code            1
produce_c_code_aux        1
total                     4

Select jobs to execute...
Execute 1 jobs...

[Fri Jul 26 10:37:07 2024]
localrule produce_c_code:
    input: results/processed_td_files/processed_C5.td, results/helix_annotations/C5.helix
    output: results/c_code/C5_folding.c
    jobid: 2
    reason: Code has changed since last execution
    wildcards: family=C5
    resources: tmpdir=/tmp

[Fri Jul 26 10:37:07 2024]
Finished job 2.
1 of 4 steps (25%) done
Select jobs to execute...
Execute 1 jobs...

[Fri Jul 26 10:37:07 2024]
localrule produce_c_code_aux:
    input: results/c_code/C5_folding.c
    output: results/c_code/auto_dp.c
    jobid: 1
    reason: Input files updated by another job: results/c_code/C5_folding.c
    resources: tmpdir=/tmp

[Fri Jul 26 10:37:07 2024]
Finished job 1.
2 of 4 steps (50%) done
Select jobs to execute...
Execute 1 jobs...

[Fri Jul 26 10:37:07 2024]
localrule c_compilation:
    input: results/c_code/aux.c, results/c_code/auto_dp.c, results/c_code/C5_folding.c
    output: results/binaries/auto_dp
    jobid: 7
    reason: Input files updated by another job: results/c_code/C5_folding.c, results/c_code/auto_dp.c
    resources: tmpdir=/tmp

[Fri Jul 26 10:37:09 2024]
Error in rule c_compilation:
    jobid: 7
    input: results/c_code/aux.c, results/c_code/auto_dp.c, results/c_code/C5_folding.c
    output: results/binaries/auto_dp
    shell:
        gcc results/c_code/aux.c results/c_code/auto_dp.c results/c_code/C5_folding.c -o results/binaries/auto_dp -lRNA -lm
        (one of the commands exited with non-zero exit code; note that snakemake uses bash strict mode!)

Shutting down, this might take some time.
Exiting because a job execution failed. Look above for error message
Complete log: .snakemake/log/2024-07-26T103706.631796.snakemake.log
WorkflowError:
At least one job did not complete successfully.
