Building DAG of jobs...
Using shell: /usr/bin/bash
Provided cores: 1 (use --cores to define parallelism)
Rules claiming more threads will be scaled down.
Job stats:
job              count
-------------  -------
all                  1
c_compilation        1
total                2

Select jobs to execute...
Execute 1 jobs...

[Mon Jul 29 13:26:00 2024]
localrule c_compilation:
    input: results/c_code/aux.c, results/c_code/auto_dp.c, results/c_code/H_folding.c
    output: results/binaries/auto_dp
    jobid: 7
    reason: Missing output files: results/binaries/auto_dp
    resources: tmpdir=/tmp

[Mon Jul 29 13:26:00 2024]
Error in rule c_compilation:
    jobid: 7
    input: results/c_code/aux.c, results/c_code/auto_dp.c, results/c_code/H_folding.c
    output: results/binaries/auto_dp
    shell:
        gcc results/c_code/aux.c results/c_code/auto_dp.c results/c_code/H_folding.c -o results/binaries/auto_dp -lRNA -lm
        (one of the commands exited with non-zero exit code; note that snakemake uses bash strict mode!)

Shutting down, this might take some time.
Exiting because a job execution failed. Look above for error message
Complete log: .snakemake/log/2024-07-29T132600.240454.snakemake.log
WorkflowError:
At least one job did not complete successfully.
