Building DAG of jobs...
Using shell: /usr/bin/bash
Provided cores: 1 (use --cores to define parallelism)
Rules claiming more threads will be scaled down.
Job stats:
job                   count
------------------  -------
all                       1
c_compilation             1
produce_c_code_aux        1
total                     3

Select jobs to execute...
Execute 1 jobs...

[Fri Jul 26 17:13:59 2024]
localrule produce_c_code_aux:
    input: results/c_code/H_folding.c, results/c_code/K_folding.c
    output: results/c_code/auto_dp.c, results/c_code/aux.c
    jobid: 1
    reason: Updated input files: results/c_code/K_folding.c, results/c_code/H_folding.c
    resources: tmpdir=/tmp

[Fri Jul 26 17:14:00 2024]
Finished job 1.
1 of 3 steps (33%) done
Select jobs to execute...
Execute 1 jobs...

[Fri Jul 26 17:14:00 2024]
localrule c_compilation:
    input: results/c_code/aux.c, results/c_code/auto_dp.c, results/c_code/H_folding.c, results/c_code/K_folding.c
    output: results/binaries/auto_dp
    jobid: 12
    reason: Input files updated by another job: results/c_code/auto_dp.c, results/c_code/aux.c
    resources: tmpdir=/tmp

[Fri Jul 26 17:14:01 2024]
Finished job 12.
2 of 3 steps (67%) done
Select jobs to execute...
Execute 1 jobs...

[Fri Jul 26 17:14:01 2024]
localrule all:
    input: results/c_code/auto_dp.c, results/binaries/auto_dp, results/processed_td_files/processed_H.td, results/processed_td_files/processed_K.td, results/td_files/H.td, results/td_files/K.td, results/elim_order/H.order, results/elim_order/K.order, results/td_images/processed_H.pdf, results/td_images/processed_K.pdf, results/td_images/unprocessed_H.pdf, results/td_images/unprocessed_K.pdf, results/colored_dbn/colored_dbn_H.pdf, results/colored_dbn/colored_dbn_K.pdf, results/colored_dbn/band_diagram_H.pdf, results/colored_dbn/band_diagram_K.pdf, results/latex_equations/H_latex_equations.pdf, results/latex_equations/K_latex_equations.pdf, results/concatenations/concatenation_H.pdf, results/concatenations/concatenation_K.pdf, results/state_of_the_results.pdf
    jobid: 0
    reason: Input files updated by another job: results/binaries/auto_dp, results/c_code/auto_dp.c
    resources: tmpdir=/tmp

[Fri Jul 26 17:14:01 2024]
Finished job 0.
3 of 3 steps (100%) done
Complete log: .snakemake/log/2024-07-26T171359.500168.snakemake.log
