Building DAG of jobs...
Using shell: /usr/bin/bash
Provided cores: 1 (use --cores to define parallelism)
Rules claiming more threads will be scaled down.
Job stats:
job                             count
----------------------------  -------
all                                 1
band_diagram_latextopdf             1
colored_dbn                         1
compact_dottopdf                    3
concatenation                       1
decomposition_scheme                1
dot_process                         1
extract_compact_tree                1
extract_compact_tree_letters        1
extract_tree_equations              1
extremities_label                   1
make_dot_file                       1
pdflatex_dec                        1
pdflatex_equations                  1
process_helices                     1
produce_latex_equations             1
state_of_the_results                1
textopdf                            1
total                              20

Select jobs to execute...
Execute 1 jobs...

[Thu Jul 25 11:31:11 2024]
localrule band_diagram_latextopdf:
    input: results/colored_dbn/band_diagram_C5.tex
    output: results/colored_dbn/band_diagram_C5.pdf
    jobid: 15
    reason: Missing output files: results/colored_dbn/band_diagram_C5.pdf
    wildcards: family=C5
    resources: tmpdir=/tmp

[Thu Jul 25 11:31:43 2024]
Error in rule band_diagram_latextopdf:
    jobid: 15
    input: results/colored_dbn/band_diagram_C5.tex
    output: results/colored_dbn/band_diagram_C5.pdf
    shell:
        pdflatex -output-directory=results/colored_dbn/ results/colored_dbn/band_diagram_C5.tex
        (one of the commands exited with non-zero exit code; note that snakemake uses bash strict mode!)

Shutting down, this might take some time.
Exiting because a job execution failed. Look above for error message
Complete log: .snakemake/log/2024-07-25T113111.173472.snakemake.log
WorkflowError:
At least one job did not complete successfully.
