Building DAG of jobs...
Using shell: /usr/bin/bash
Provided cores: 1 (use --cores to define parallelism)
Rules claiming more threads will be scaled down.
Job stats:
job              count
-------------  -------
all                  1
c_compilation        1
total                2

Select jobs to execute...
Execute 1 jobs...

[Thu Jul 25 23:29:32 2024]
localrule c_compilation:
    input: results/c_code/aux.c, results/c_code/auto_dp.c, results/c_code/C5_folding.c
    output: results/binaries/auto_dp
    jobid: 7
    reason: Missing output files: results/binaries/auto_dp
    resources: tmpdir=/tmp

[Thu Jul 25 23:29:32 2024]
Finished job 7.
1 of 2 steps (50%) done
Select jobs to execute...
Execute 1 jobs...

[Thu Jul 25 23:29:32 2024]
localrule all:
    input: results/c_code/auto_dp.c, results/binaries/auto_dp, results/processed_td_files/processed_C5.td, results/td_files/C5.td, results/elim_order/C5.order, results/td_images/processed_C5.pdf, results/td_images/unprocessed_C5.pdf, results/colored_dbn/colored_dbn_C5.pdf, results/colored_dbn/band_diagram_C5.pdf, results/latex_equations/C5_latex_equations.pdf, results/concatenations/concatenation_C5.pdf, results/state_of_the_results.pdf
    jobid: 0
    reason: Input files updated by another job: results/binaries/auto_dp
    resources: tmpdir=/tmp

[Thu Jul 25 23:29:32 2024]
Finished job 0.
2 of 2 steps (100%) done
Complete log: .snakemake/log/2024-07-25T232931.849532.snakemake.log
