Building DAG of jobs...
Using shell: /usr/bin/bash
Provided cores: 1 (use --cores to define parallelism)
Rules claiming more threads will be scaled down.
Job stats:
job                             count
----------------------------  -------
all                                 1
band_diagram                        1
band_diagram_latextopdf             1
c_compilation                       1
colored_dbn                         1
compact_dottopdf                    1
compute_td                          1
concatenation                       1
dot_process                         1
extract_compact_tree                1
extract_elimination_ordering        1
extract_gr                          1
extract_helices                     1
extremities_label                   1
make_dot_file                       1
pdflatex_equations                  1
process_helices                     1
produce_c_code                      1
produce_c_code_aux                  1
produce_latex_equations             1
state_of_the_results                1
textopdf                            1
unprocessed_from_td_to_dot          1
unprocessed_td                      1
total                              24

Select jobs to execute...
Execute 1 jobs...

[Fri Jul 26 10:41:01 2024]
localrule extract_helices:
    input: resources/dbn_files/C5.dbn
    output: results/helix_annotations/C5.helix
    jobid: 6
    reason: Forced execution
    wildcards: shadow=C5
    resources: tmpdir=/tmp

[Fri Jul 26 10:41:01 2024]
Finished job 6.
1 of 24 steps (4%) done
Select jobs to execute...
Execute 1 jobs...

[Fri Jul 26 10:41:01 2024]
localrule band_diagram:
    input: resources/dbn_files/C5.dbn
    output: results/colored_dbn/band_diagram_C5.tex
    jobid: 17
    reason: Forced execution
    wildcards: family=C5
    resources: tmpdir=/tmp

[Fri Jul 26 10:41:01 2024]
Finished job 17.
2 of 24 steps (8%) done
Select jobs to execute...
Execute 1 jobs...

[Fri Jul 26 10:41:01 2024]
localrule band_diagram_latextopdf:
    input: results/colored_dbn/band_diagram_C5.tex
    output: results/colored_dbn/band_diagram_C5.pdf
    jobid: 16
    reason: Forced execution
    wildcards: family=C5
    resources: tmpdir=/tmp

[Fri Jul 26 10:41:02 2024]
Finished job 16.
3 of 24 steps (12%) done
Select jobs to execute...
Execute 1 jobs...

[Fri Jul 26 10:41:02 2024]
localrule extract_gr:
    input: resources/dbn_files/C5.dbn
    output: results/gr_files/C5.gr
    jobid: 5
    reason: Forced execution
    wildcards: shadow=C5
    resources: tmpdir=/tmp

[Fri Jul 26 10:41:02 2024]
Finished job 5.
4 of 24 steps (17%) done
Select jobs to execute...
Execute 1 jobs...

[Fri Jul 26 10:41:02 2024]
localrule compute_td:
    input: results/gr_files/C5.gr
    output: results/td_files/C5.td
    jobid: 4
    reason: Forced execution
    wildcards: shadow=C5
    resources: tmpdir=/tmp

[Fri Jul 26 10:41:04 2024]
Finished job 4.
5 of 24 steps (21%) done
Select jobs to execute...
Execute 1 jobs...

[Fri Jul 26 10:41:05 2024]
localrule process_helices:
    input: resources/dbn_files/C5.dbn, results/td_files/C5.td, results/helix_annotations/C5.helix
    output: results/processed_td_files/processed_C5.td
    log: results/processed_td_files/exec_logs/C5_processing.log
    jobid: 3
    reason: Forced execution
    wildcards: shadow=C5
    resources: tmpdir=/tmp

[Fri Jul 26 10:41:05 2024]
Finished job 3.
6 of 24 steps (25%) done
Select jobs to execute...
Execute 1 jobs...

[Fri Jul 26 10:41:05 2024]
localrule extremities_label:
    input: results/processed_td_files/processed_C5.td, results/helix_annotations/C5.helix
    output: results/json_files/extremities_label_C5.json
    jobid: 15
    reason: Forced execution
    wildcards: family=C5
    resources: tmpdir=/tmp

[Fri Jul 26 10:41:06 2024]
Finished job 15.
7 of 24 steps (29%) done
Select jobs to execute...
Execute 1 jobs...

[Fri Jul 26 10:41:06 2024]
localrule colored_dbn:
    input: resources/dbn_files/C5.dbn, results/helix_annotations/C5.helix, results/json_files/extremities_label_C5.json
    output: results/colored_dbn/colored_dbn_C5.tex
    jobid: 14
    reason: Forced execution
    wildcards: family=C5
    resources: tmpdir=/tmp

[Fri Jul 26 10:41:06 2024]
Finished job 14.
8 of 24 steps (33%) done
Select jobs to execute...
Execute 1 jobs...

[Fri Jul 26 10:41:06 2024]
localrule produce_c_code:
    input: results/processed_td_files/processed_C5.td, results/helix_annotations/C5.helix
    output: results/c_code/C5_folding.c
    jobid: 2
    reason: Forced execution
    wildcards: family=C5
    resources: tmpdir=/tmp

[Fri Jul 26 10:41:06 2024]
Finished job 2.
9 of 24 steps (38%) done
Select jobs to execute...
Execute 1 jobs...

[Fri Jul 26 10:41:06 2024]
localrule produce_c_code_aux:
    input: results/c_code/C5_folding.c
    output: results/c_code/auto_dp.c, results/c_code/aux.c
    jobid: 1
    reason: Forced execution
    resources: tmpdir=/tmp

[Fri Jul 26 10:41:06 2024]
Finished job 1.
10 of 24 steps (42%) done
Select jobs to execute...
Execute 1 jobs...

[Fri Jul 26 10:41:07 2024]
localrule textopdf:
    input: results/colored_dbn/colored_dbn_C5.tex
    output: results/colored_dbn/colored_dbn_C5.pdf
    jobid: 13
    reason: Forced execution
    wildcards: family=C5
    resources: tmpdir=/tmp

[Fri Jul 26 10:41:08 2024]
Finished job 13.
11 of 24 steps (46%) done
Select jobs to execute...
Execute 1 jobs...

[Fri Jul 26 10:41:08 2024]
localrule produce_latex_equations:
    input: results/colored_dbn/colored_dbn_C5.pdf, results/processed_td_files/processed_C5.td, results/helix_annotations/C5.helix
    output: results/latex_equations/C5_latex_equations.tex
    jobid: 19
    reason: Forced execution
    wildcards: family=C5
    resources: tmpdir=/tmp

[Fri Jul 26 10:41:08 2024]
Finished job 19.
12 of 24 steps (50%) done
Select jobs to execute...
Execute 1 jobs...

[Fri Jul 26 10:41:08 2024]
localrule pdflatex_equations:
    input: results/latex_equations/C5_latex_equations.tex
    output: results/latex_equations/C5_latex_equations.pdf
    jobid: 18
    reason: Forced execution
    wildcards: shadow=C5
    resources: tmpdir=/tmp

[Fri Jul 26 10:41:09 2024]
Finished job 18.
13 of 24 steps (54%) done
Select jobs to execute...
Execute 1 jobs...

[Fri Jul 26 10:41:09 2024]
localrule state_of_the_results:
    input: results/latex_equations/C5_latex_equations.pdf
    output: results/state_of_the_results.pdf
    jobid: 23
    reason: Forced execution
    resources: tmpdir=/tmp

[Fri Jul 26 10:41:09 2024]
Finished job 23.
14 of 24 steps (58%) done
Select jobs to execute...
Execute 1 jobs...

[Fri Jul 26 10:41:09 2024]
localrule make_dot_file:
    input: resources/dbn_files/C5.dbn, results/processed_td_files/processed_C5.td, results/helix_annotations/C5.helix
    output: results/dot_files/processed_C5.dot
    jobid: 10
    reason: Forced execution
    wildcards: family=C5
    resources: tmpdir=/tmp

[Fri Jul 26 10:41:10 2024]
Finished job 10.
15 of 24 steps (62%) done
Select jobs to execute...
Execute 1 jobs...

[Fri Jul 26 10:41:10 2024]
localrule dot_process:
    input: results/dot_files/processed_C5.dot
    output: results/td_images/processed_C5.pdf
    jobid: 9
    reason: Forced execution
    wildcards: family=C5
    resources: tmpdir=/tmp

[Fri Jul 26 10:41:10 2024]
Finished job 9.
16 of 24 steps (67%) done
Select jobs to execute...
Execute 1 jobs...

[Fri Jul 26 10:41:10 2024]
localrule c_compilation:
    input: results/c_code/aux.c, results/c_code/auto_dp.c, results/c_code/C5_folding.c
    output: results/binaries/auto_dp
    jobid: 7
    reason: Forced execution
    resources: tmpdir=/tmp

[Fri Jul 26 10:41:11 2024]
Error in rule c_compilation:
    jobid: 7
    input: results/c_code/aux.c, results/c_code/auto_dp.c, results/c_code/C5_folding.c
    output: results/binaries/auto_dp
    shell:
        gcc results/c_code/aux.c results/c_code/auto_dp.c results/c_code/C5_folding.c -o results/binaries/auto_dp -lRNA -lm
        (one of the commands exited with non-zero exit code; note that snakemake uses bash strict mode!)

Shutting down, this might take some time.
Exiting because a job execution failed. Look above for error message
Complete log: .snakemake/log/2024-07-26T104101.013950.snakemake.log
WorkflowError:
At least one job did not complete successfully.
